# JRE version: OpenJDK Runtime Environment (8.0_292-b10) (build 1.8.0_292-b10)
# Java VM: OpenJDK 64-Bit Server VM (25.292-b10 mixed mode windows-amd64 compressed oops)
Heap:
 PSYoungGen      total 247808K, used 208264K [0x00000000d5d00000, 0x00000000e5f00000, 0x0000000100000000)
  eden space 231424K, 89% used [0x00000000d5d00000,0x00000000e2862268,0x00000000e3f00000)
  from space 16384K, 0% used [0x00000000e3f00000,0x00000000e3f00000,0x00000000e4f00000)
  to   space 14336K, 0% used [0x00000000e5100000,0x00000000e5100000,0x00000000e5f00000)
 ParOldGen       total 87040K, used 21545K [0x0000000081600000, 0x0000000086b00000, 0x00000000d5d00000)
  object space 87040K, 24% used [0x0000000081600000,0x0000000082b0a578,0x0000000086b00000)
 Metaspace       used 40711K, capacity 42130K, committed 42456K, reserved 1089536K
  class space    used 5208K, capacity 5511K, committed 5632K, reserved 1048576K
GC Heap History (10 events):
Event: 7.824 GC heap before
{Heap before GC invocations=5 (full 1):
 PSYoungGen      total 138240K, used 5101K [0x00000000d5d00000, 0x00000000de900000, 0x0000000100000000)
  eden space 133120K, 0% used [0x00000000d5d00000,0x00000000d5d00000,0x00000000ddf00000)
  from space 5120K, 99% used [0x00000000de400000,0x00000000de8fb678,0x00000000de900000)
  to   space 5120K, 0% used [0x00000000ddf00000,0x00000000ddf00000,0x00000000de400000)
 ParOldGen       total 87552K, used 7110K [0x0000000081600000, 0x0000000086b80000, 0x00000000d5d00000)
  object space 87552K, 8% used [0x0000000081600000,0x0000000081cf1898,0x0000000086b80000)
 Metaspace       used 20600K, capacity 21156K, committed 21248K, reserved 1067008K
  class space    used 2623K, capacity 2782K, committed 2816K, reserved 1048576K
Event: 7.884 GC heap after
Heap after GC invocations=5 (full 1):
 PSYoungGen      total 138240K, used 0K [0x00000000d5d00000, 0x00000000de900000, 0x0000000100000000)
  eden space 133120K, 0% used [0x00000000d5d00000,0x00000000d5d00000,0x00000000ddf00000)
  from space 5120K, 0% used [0x00000000de400000,0x00000000de400000,0x00000000de900000)
  to   space 5120K, 0% used [0x00000000ddf00000,0x00000000ddf00000,0x00000000de400000)
 ParOldGen       total 51200K, used 6091K [0x0000000081600000, 0x0000000084800000, 0x00000000d5d00000)
  object space 51200K, 11% used [0x0000000081600000,0x0000000081bf2ed0,0x0000000084800000)
 Metaspace       used 20600K, capacity 21156K, committed 21248K, reserved 1067008K
  class space    used 2623K, capacity 2782K, committed 2816K, reserved 1048576K
}
Event: 10.107 GC heap before
{Heap before GC invocations=6 (full 1):
 PSYoungGen      total 138240K, used 133120K [0x00000000d5d00000, 0x00000000de900000, 0x0000000100000000)
  eden space 133120K, 100% used [0x00000000d5d00000,0x00000000ddf00000,0x00000000ddf00000)
  from space 5120K, 0% used [0x00000000de400000,0x00000000de400000,0x00000000de900000)
  to   space 5120K, 0% used [0x00000000ddf00000,0x00000000ddf00000,0x00000000de400000)
 ParOldGen       total 51200K, used 6091K [0x0000000081600000, 0x0000000084800000, 0x00000000d5d00000)
  object space 51200K, 11% used [0x0000000081600000,0x0000000081bf2ed0,0x0000000084800000)
 Metaspace       used 27050K, capacity 28004K, committed 28160K, reserved 1073152K
  class space    used 3580K, capacity 3820K, committed 3840K, reserved 1048576K
Event: 10.126 GC heap after
Heap after GC invocations=6 (full 1):
 PSYoungGen      total 138240K, used 5101K [0x00000000d5d00000, 0x00000000e5f00000, 0x0000000100000000)
  eden space 133120K, 0% used [0x00000000d5d00000,0x00000000d5d00000,0x00000000ddf00000)
  from space 5120K, 99% used [0x00000000ddf00000,0x00000000de3fb470,0x00000000de400000)
  to   space 14336K, 0% used [0x00000000e5100000,0x00000000e5100000,0x00000000e5f00000)
 ParOldGen       total 51200K, used 14572K [0x0000000081600000, 0x0000000084800000, 0x00000000d5d00000)
  object space 51200K, 28% used [0x0000000081600000,0x000000008243b128,0x0000000084800000)
 Metaspace       used 27050K, capacity 28004K, committed 28160K, reserved 1073152K
  class space    used 3580K, capacity 3820K, committed 3840K, reserved 1048576K
}
Event: 12.351 GC heap before
{Heap before GC invocations=7 (full 1):
 PSYoungGen      total 138240K, used 138221K [0x00000000d5d00000, 0x00000000e5f00000, 0x0000000100000000)
  eden space 133120K, 100% used [0x00000000d5d00000,0x00000000ddf00000,0x00000000ddf00000)
  from space 5120K, 99% used [0x00000000ddf00000,0x00000000de3fb470,0x00000000de400000)
  to   space 14336K, 0% used [0x00000000e5100000,0x00000000e5100000,0x00000000e5f00000)
 ParOldGen       total 51200K, used 14572K [0x0000000081600000, 0x0000000084800000, 0x00000000d5d00000)
  object space 51200K, 28% used [0x0000000081600000,0x000000008243b128,0x0000000084800000)
 Metaspace       used 32441K, capacity 33832K, committed 34048K, reserved 1079296K
  class space    used 4256K, capacity 4560K, committed 4608K, reserved 1048576K
Event: 12.371 GC heap after
Heap after GC invocations=7 (full 1):
 PSYoungGen      total 245760K, used 13526K [0x00000000d5d00000, 0x00000000e5f00000, 0x0000000100000000)
  eden space 231424K, 0% used [0x00000000d5d00000,0x00000000d5d00000,0x00000000e3f00000)
  from space 14336K, 94% used [0x00000000e5100000,0x00000000e5e35a60,0x00000000e5f00000)
  to   space 16384K, 0% used [0x00000000e3f00000,0x00000000e3f00000,0x00000000e4f00000)
 ParOldGen       total 51200K, used 14580K [0x0000000081600000, 0x0000000084800000, 0x00000000d5d00000)
  object space 51200K, 28% used [0x0000000081600000,0x000000008243d128,0x0000000084800000)
 Metaspace       used 32441K, capacity 33832K, committed 34048K, reserved 1079296K
  class space    used 4256K, capacity 4560K, committed 4608K, reserved 1048576K
}
Event: 13.877 GC heap before
{Heap before GC invocations=8 (full 1):
 PSYoungGen      total 245760K, used 98953K [0x00000000d5d00000, 0x00000000e5f00000, 0x0000000100000000)
  eden space 231424K, 36% used [0x00000000d5d00000,0x00000000db06cc68,0x00000000e3f00000)
  from space 14336K, 94% used [0x00000000e5100000,0x00000000e5e35a60,0x00000000e5f00000)
  to   space 16384K, 0% used [0x00000000e3f00000,0x00000000e3f00000,0x00000000e4f00000)
 ParOldGen       total 51200K, used 14580K [0x0000000081600000, 0x0000000084800000, 0x00000000d5d00000)
  object space 51200K, 28% used [0x0000000081600000,0x000000008243d128,0x0000000084800000)
 Metaspace       used 34070K, capacity 35394K, committed 35416K, reserved 1079296K
  class space    used 4442K, capacity 4731K, committed 4736K, reserved 1048576K
Event: 13.903 GC heap after
Heap after GC invocations=8 (full 1):
 PSYoungGen      total 247808K, used 13146K [0x00000000d5d00000, 0x00000000e5f00000, 0x0000000100000000)
  eden space 231424K, 0% used [0x00000000d5d00000,0x00000000d5d00000,0x00000000e3f00000)
  from space 16384K, 80% used [0x00000000e3f00000,0x00000000e4bd6aa8,0x00000000e4f00000)
  to   space 14336K, 0% used [0x00000000e5100000,0x00000000e5100000,0x00000000e5f00000)
 ParOldGen       total 51200K, used 14588K [0x0000000081600000, 0x0000000084800000, 0x00000000d5d00000)
  object space 51200K, 28% used [0x0000000081600000,0x000000008243f128,0x0000000084800000)
 Metaspace       used 34070K, capacity 35394K, committed 35416K, reserved 1079296K
  class space    used 4442K, capacity 4731K, committed 4736K, reserved 1048576K
}
Event: 13.903 GC heap before
{Heap before GC invocations=9 (full 2):
 PSYoungGen      total 247808K, used 13146K [0x00000000d5d00000, 0x00000000e5f00000, 0x0000000100000000)
  eden space 231424K, 0% used [0x00000000d5d00000,0x00000000d5d00000,0x00000000e3f00000)
  from space 16384K, 80% used [0x00000000e3f00000,0x00000000e4bd6aa8,0x00000000e4f00000)
  to   space 14336K, 0% used [0x00000000e5100000,0x00000000e5100000,0x00000000e5f00000)
 ParOldGen       total 51200K, used 14588K [0x0000000081600000, 0x0000000084800000, 0x00000000d5d00000)
  object space 51200K, 28% used [0x0000000081600000,0x000000008243f128,0x0000000084800000)
 Metaspace       used 34070K, capacity 35394K, committed 35416K, reserved 1079296K
  class space    used 4442K, capacity 4731K, committed 4736K, reserved 1048576K
Event: 14.037 GC heap after
Heap after GC invocations=9 (full 2):
 PSYoungGen      total 247808K, used 0K [0x00000000d5d00000, 0x00000000e5f00000, 0x0000000100000000)
  eden space 231424K, 0% used [0x00000000d5d00000,0x00000000d5d00000,0x00000000e3f00000)
  from space 16384K, 0% used [0x00000000e3f00000,0x00000000e3f00000,0x00000000e4f00000)
  to   space 14336K, 0% used [0x00000000e5100000,0x00000000e5100000,0x00000000e5f00000)
 ParOldGen       total 87040K, used 21545K [0x0000000081600000, 0x0000000086b00000, 0x00000000d5d00000)
  object space 87040K, 24% used [0x0000000081600000,0x0000000082b0a578,0x0000000086b00000)
 Metaspace       used 34070K, capacity 35394K, committed 35416K, reserved 1079296K
  class space    used 4442K, capacity 4731K, committed 4736K, reserved 1048576K
}

