# JRE version: OpenJDK Runtime Environment (8.0_292-b10) (build 1.8.0_292-b10)
# Java VM: OpenJDK 64-Bit Server VM (25.292-b10 mixed mode windows-amd64 compressed oops)
Heap:
 PSYoungGen      total 307712K, used 153620K [0x00000000d5d00000, 0x00000000eb680000, 0x0000000100000000)
  eden space 292352K, 49% used [0x00000000d5d00000,0x00000000de9497d8,0x00000000e7a80000)
  from space 15360K, 64% used [0x00000000e9880000,0x00000000ea23bb10,0x00000000ea780000)
  to   space 9728K, 0% used [0x00000000ead00000,0x00000000ead00000,0x00000000eb680000)
 ParOldGen       total 80384K, used 25653K [0x0000000081600000, 0x0000000086480000, 0x00000000d5d00000)
  object space 80384K, 31% used [0x0000000081600000,0x0000000082f0d550,0x0000000086480000)
 Metaspace       used 46044K, capacity 47854K, committed 48168K, reserved 1091584K
  class space    used 5947K, capacity 6354K, committed 6448K, reserved 1048576K
GC Heap History (10 events):
Event: 14.884 GC heap before
{Heap before GC invocations=9 (full 1):
 PSYoungGen      total 140800K, used 140788K [0x00000000d5d00000, 0x00000000e5080000, 0x0000000100000000)
  eden space 131072K, 100% used [0x00000000d5d00000,0x00000000ddd00000,0x00000000ddd00000)
  from space 9728K, 99% used [0x00000000ddd00000,0x00000000de67d060,0x00000000de680000)
  to   space 13312K, 0% used [0x00000000e4380000,0x00000000e4380000,0x00000000e5080000)
 ParOldGen       total 47616K, used 11390K [0x0000000081600000, 0x0000000084480000, 0x00000000d5d00000)
  object space 47616K, 23% used [0x0000000081600000,0x000000008211fbd0,0x0000000084480000)
 Metaspace       used 33385K, capacity 34716K, committed 34992K, reserved 1079296K
  class space    used 4365K, capacity 4660K, committed 4784K, reserved 1048576K
Event: 14.906 GC heap after
Heap after GC invocations=9 (full 1):
 PSYoungGen      total 232960K, used 13297K [0x00000000d5d00000, 0x00000000e6180000, 0x0000000100000000)
  eden space 219648K, 0% used [0x00000000d5d00000,0x00000000d5d00000,0x00000000e3380000)
  from space 13312K, 99% used [0x00000000e4380000,0x00000000e507c660,0x00000000e5080000)
  to   space 16384K, 0% used [0x00000000e3380000,0x00000000e3380000,0x00000000e4380000)
 ParOldGen       total 47616K, used 14750K [0x0000000081600000, 0x0000000084480000, 0x00000000d5d00000)
  object space 47616K, 30% used [0x0000000081600000,0x0000000082467a80,0x0000000084480000)
 Metaspace       used 33385K, capacity 34716K, committed 34992K, reserved 1079296K
  class space    used 4365K, capacity 4660K, committed 4784K, reserved 1048576K
}
Event: 15.393 GC heap before
{Heap before GC invocations=10 (full 1):
 PSYoungGen      total 232960K, used 40573K [0x00000000d5d00000, 0x00000000e6180000, 0x0000000100000000)
  eden space 219648K, 12% used [0x00000000d5d00000,0x00000000d77a2f88,0x00000000e3380000)
  from space 13312K, 99% used [0x00000000e4380000,0x00000000e507c660,0x00000000e5080000)
  to   space 16384K, 0% used [0x00000000e3380000,0x00000000e3380000,0x00000000e4380000)
 ParOldGen       total 47616K, used 14750K [0x0000000081600000, 0x0000000084480000, 0x00000000d5d00000)
  object space 47616K, 30% used [0x0000000081600000,0x0000000082467a80,0x0000000084480000)
 Metaspace       used 34080K, capacity 35430K, committed 35496K, reserved 1079296K
  class space    used 4446K, capacity 4763K, committed 4784K, reserved 1048576K
Event: 15.416 GC heap after
Heap after GC invocations=10 (full 1):
 PSYoungGen      total 236032K, used 8740K [0x00000000d5d00000, 0x00000000ebc80000, 0x0000000100000000)
  eden space 219648K, 0% used [0x00000000d5d00000,0x00000000d5d00000,0x00000000e3380000)
  from space 16384K, 53% used [0x00000000e3380000,0x00000000e3c091b0,0x00000000e4380000)
  to   space 15872K, 0% used [0x00000000ead00000,0x00000000ead00000,0x00000000ebc80000)
 ParOldGen       total 47616K, used 20589K [0x0000000081600000, 0x0000000084480000, 0x00000000d5d00000)
  object space 47616K, 43% used [0x0000000081600000,0x0000000082a1b520,0x0000000084480000)
 Metaspace       used 34080K, capacity 35430K, committed 35496K, reserved 1079296K
  class space    used 4446K, capacity 4763K, committed 4784K, reserved 1048576K
}
Event: 15.416 GC heap before
{Heap before GC invocations=11 (full 2):
 PSYoungGen      total 236032K, used 8740K [0x00000000d5d00000, 0x00000000ebc80000, 0x0000000100000000)
  eden space 219648K, 0% used [0x00000000d5d00000,0x00000000d5d00000,0x00000000e3380000)
  from space 16384K, 53% used [0x00000000e3380000,0x00000000e3c091b0,0x00000000e4380000)
  to   space 15872K, 0% used [0x00000000ead00000,0x00000000ead00000,0x00000000ebc80000)
 ParOldGen       total 47616K, used 20589K [0x0000000081600000, 0x0000000084480000, 0x00000000d5d00000)
  object space 47616K, 43% used [0x0000000081600000,0x0000000082a1b520,0x0000000084480000)
 Metaspace       used 34080K, capacity 35430K, committed 35496K, reserved 1079296K
  class space    used 4446K, capacity 4763K, committed 4784K, reserved 1048576K
Event: 15.603 GC heap after
Heap after GC invocations=11 (full 2):
 PSYoungGen      total 236032K, used 0K [0x00000000d5d00000, 0x00000000ebc80000, 0x0000000100000000)
  eden space 219648K, 0% used [0x00000000d5d00000,0x00000000d5d00000,0x00000000e3380000)
  from space 16384K, 0% used [0x00000000e3380000,0x00000000e3380000,0x00000000e4380000)
  to   space 15872K, 0% used [0x00000000ead00000,0x00000000ead00000,0x00000000ebc80000)
 ParOldGen       total 80384K, used 20147K [0x0000000081600000, 0x0000000086480000, 0x00000000d5d00000)
  object space 80384K, 25% used [0x0000000081600000,0x00000000829acd38,0x0000000086480000)
 Metaspace       used 34080K, capacity 35430K, committed 35496K, reserved 1079296K
  class space    used 4446K, capacity 4763K, committed 4784K, reserved 1048576K
}
Event: 20.942 GC heap before
{Heap before GC invocations=12 (full 2):
 PSYoungGen      total 236032K, used 219648K [0x00000000d5d00000, 0x00000000ebc80000, 0x0000000100000000)
  eden space 219648K, 100% used [0x00000000d5d00000,0x00000000e3380000,0x00000000e3380000)
  from space 16384K, 0% used [0x00000000e3380000,0x00000000e3380000,0x00000000e4380000)
  to   space 15872K, 0% used [0x00000000ead00000,0x00000000ead00000,0x00000000ebc80000)
 ParOldGen       total 80384K, used 20147K [0x0000000081600000, 0x0000000086480000, 0x00000000d5d00000)
  object space 80384K, 25% used [0x0000000081600000,0x00000000829acd38,0x0000000086480000)
 Metaspace       used 41720K, capacity 43132K, committed 43304K, reserved 1087488K
  class space    used 5323K, capacity 5632K, committed 5680K, reserved 1048576K
Event: 20.968 GC heap after
Heap after GC invocations=12 (full 2):
 PSYoungGen      total 302080K, used 9527K [0x00000000d5d00000, 0x00000000eb680000, 0x0000000100000000)
  eden space 292352K, 0% used [0x00000000d5d00000,0x00000000d5d00000,0x00000000e7a80000)
  from space 9728K, 97% used [0x00000000ead00000,0x00000000eb64dd68,0x00000000eb680000)
  to   space 15360K, 0% used [0x00000000e9880000,0x00000000e9880000,0x00000000ea780000)
 ParOldGen       total 80384K, used 20155K [0x0000000081600000, 0x0000000086480000, 0x00000000d5d00000)
  object space 80384K, 25% used [0x0000000081600000,0x00000000829aed38,0x0000000086480000)
 Metaspace       used 41720K, capacity 43132K, committed 43304K, reserved 1087488K
  class space    used 5323K, capacity 5632K, committed 5680K, reserved 1048576K
}
Event: 25.517 GC heap before
{Heap before GC invocations=13 (full 2):
 PSYoungGen      total 302080K, used 301879K [0x00000000d5d00000, 0x00000000eb680000, 0x0000000100000000)
  eden space 292352K, 100% used [0x00000000d5d00000,0x00000000e7a80000,0x00000000e7a80000)
  from space 9728K, 97% used [0x00000000ead00000,0x00000000eb64dd68,0x00000000eb680000)
  to   space 15360K, 0% used [0x00000000e9880000,0x00000000e9880000,0x00000000ea780000)
 ParOldGen       total 80384K, used 20155K [0x0000000081600000, 0x0000000086480000, 0x00000000d5d00000)
  object space 80384K, 25% used [0x0000000081600000,0x00000000829aed38,0x0000000086480000)
 Metaspace       used 44223K, capacity 45896K, committed 45992K, reserved 1089536K
  class space    used 5675K, capacity 6024K, committed 6064K, reserved 1048576K
Event: 25.543 GC heap after
Heap after GC invocations=13 (full 2):
 PSYoungGen      total 307712K, used 9966K [0x00000000d5d00000, 0x00000000eb680000, 0x0000000100000000)
  eden space 292352K, 0% used [0x00000000d5d00000,0x00000000d5d00000,0x00000000e7a80000)
  from space 15360K, 64% used [0x00000000e9880000,0x00000000ea23bb10,0x00000000ea780000)
  to   space 9728K, 0% used [0x00000000ead00000,0x00000000ead00000,0x00000000eb680000)
 ParOldGen       total 80384K, used 25653K [0x0000000081600000, 0x0000000086480000, 0x00000000d5d00000)
  object space 80384K, 31% used [0x0000000081600000,0x0000000082f0d550,0x0000000086480000)
 Metaspace       used 44223K, capacity 45896K, committed 45992K, reserved 1089536K
  class space    used 5675K, capacity 6024K, committed 6064K, reserved 1048576K
}

